\BOOKMARK [1][-]{section*.1}{\376\377\000I\000N\000T\000R\000O\000D\000U\000C\000T\000I\000O\000N}{}% 1
\BOOKMARK [1][-]{section.1}{\376\377\000S\000e\000t\000t\000i\000n\000g\000\040\000u\000p\000\040\000D\000e\000p\000e\000n\000d\000e\000n\000c\000e\000n\000i\000e\000s}{}% 2
\BOOKMARK [2][-]{subsection.1.1}{\376\377\000E\000n\000a\000b\000l\000i\000n\000g\000\040\000Z\000N\000S\000\040\000S\000S\000D\000\040\000i\000n\000\040\000Q\000E\000M\000U}{section.1}% 3
\BOOKMARK [2][-]{subsection.1.2}{\376\377\000G\000i\000t\000\040\000S\000u\000b\000m\000o\000d\000u\000l\000e\000s}{section.1}% 4
\BOOKMARK [3][-]{subsubsection.1.2.1}{\376\377\000Z\000N\000S\000\040\000S\000S\000D\000\040\000C\000o\000n\000f\000i\000g\000u\000r\000a\000t\000i\000o\000n}{subsection.1.2}% 5
\BOOKMARK [2][-]{subsection.1.3}{\376\377\000S\000P\000D\000K}{section.1}% 6
\BOOKMARK [3][-]{subsubsection.1.3.1}{\376\377\000S\000t\000a\000t\000i\000c\000\040\000v\000s\000\040\000D\000y\000n\000a\000m\000i\000c\000\040\000L\000i\000n\000k\000i\000n\000g}{subsection.1.3}% 7
\BOOKMARK [3][-]{subsubsection.1.3.2}{\376\377\000P\000e\000r\000i\000o\000d\000i\000c\000\040\000S\000e\000t\000u\000p}{subsection.1.3}% 8
\BOOKMARK [1][-]{section.2}{\376\377\000D\000e\000v\000e\000l\000o\000p\000m\000e\000n\000t\000\040\000\046\000\040\000D\000e\000b\000u\000g\000g\000i\000n\000g}{}% 9
\BOOKMARK [2][-]{subsection.2.1}{\376\377\000C\000l\000i\000o\000n}{section.2}% 10
\BOOKMARK [2][-]{subsection.2.2}{\376\377\000V\000s\000c\000o\000d\000e}{section.2}% 11
\BOOKMARK [2][-]{subsection.2.3}{\376\377\000G\000d\000b\000s\000e\000r\000v\000e\000r}{section.2}% 12
\BOOKMARK [2][-]{subsection.2.4}{\376\377\000S\000t\000a\000c\000k\000t\000r\000a\000c\000e\000s}{section.2}% 13
\BOOKMARK [2][-]{subsection.2.5}{\376\377\000C\000M\000a\000k\000e\000\040\000b\000u\000i\000l\000d\000\040\000t\000y\000p\000e\000s}{section.2}% 14
\BOOKMARK [2][-]{subsection.2.6}{\376\377\000A\000d\000d\000r\000e\000s\000s\000\040\000s\000a\000n\000i\000t\000i\000z\000a\000t\000i\000o\000n}{section.2}% 15
\BOOKMARK [1][-]{section.3}{\376\377\000T\000e\000c\000h\000n\000o\000l\000o\000g\000y\000\040\000B\000a\000c\000k\000g\000r\000o\000u\000n\000d\000s}{}% 16
\BOOKMARK [2][-]{subsection.3.1}{\376\377\000S\000P\000D\000K}{section.3}% 17
\BOOKMARK [2][-]{subsection.3.2}{\376\377\000B\000P\000F}{section.3}% 18
\BOOKMARK [3][-]{subsubsection.3.2.1}{\376\377\000B\000P\000F\000\040\000L\000a\000n\000d\000s\000c\000a\000p\000e}{subsection.3.2}% 19
\BOOKMARK [3][-]{subsubsection.3.2.2}{\376\377\000b\000p\000f\000t\000o\000o\000l}{subsection.3.2}% 20
\BOOKMARK [1][-]{section.4}{\376\377\000D\000e\000s\000i\000g\000n}{}% 21
\BOOKMARK [2][-]{subsection.4.1}{\376\377\000D\000e\000s\000i\000g\000n\000\040\000R\000e\000q\000u\000i\000r\000e\000m\000e\000n\000t\000s}{section.4}% 22
\BOOKMARK [2][-]{subsection.4.2}{\376\377\000I\000m\000p\000l\000e\000m\000e\000n\000t\000e\000d\000\040\000D\000e\000s\000i\000g\000n}{section.4}% 23
\BOOKMARK [3][-]{subsubsection.4.2.1}{\376\377\000P\000r\000o\000t\000o\000t\000y\000p\000e\000\040\000C\000o\000m\000p\000o\000n\000e\000n\000t\000s}{subsection.4.2}% 24
\BOOKMARK [2][-]{subsection.4.3}{\376\377\000D\000e\000s\000i\000g\000n\000\040\000L\000i\000m\000i\000t\000a\000t\000i\000o\000n\000s}{section.4}% 25
\BOOKMARK [2][-]{subsection.4.4}{\376\377\000A\000l\000t\000e\000r\000n\000a\000t\000i\000v\000e\000\040\000T\000e\000c\000h\000n\000o\000l\000o\000g\000i\000e\000s}{section.4}% 26
\BOOKMARK [1][-]{section.5}{\376\377\000F\000u\000t\000u\000r\000e\000\040\000W\000o\000r\000k}{}% 27
\BOOKMARK [1][-]{section.5}{\376\377\000T\000E\000R\000M\000I\000N\000O\000L\000O\000G\000Y}{}% 28
\BOOKMARK [1][-]{Item.34}{\376\377\000R\000E\000F\000E\000R\000E\000N\000C\000E\000S}{}% 29
\BOOKMARK [1][-]{section*.20}{\376\377\000R\000e\000f\000e\000r\000e\000n\000c\000e\000s}{}% 30
